#
# There is insufficient memory for the Java Runtime Environment to continue.
# Native memory allocation (malloc) failed to allocate 32784 bytes for Chunk::new
# Possible reasons:
#   The system is out of physical RAM or swap space
#   In 32 bit mode, the process size limit was hit
# Possible solutions:
#   Reduce memory load on the system
#   Increase physical memory or swap space
#   Check if swap backing store is full
#   Use 64 bit Java on a 64 bit OS
#   Decrease Java heap size (-Xmx/-Xms)
#   Decrease number of Java threads
#   Decrease Java thread stack sizes (-Xss)
#   Set larger code cache with -XX:ReservedCodeCacheSize=
# This output file may be truncated or incomplete.
#
#  Out of Memory Error (allocation.cpp:390), pid=23864, tid=0x00000000000087c8
#
# JRE version: Java(TM) SE Runtime Environment (8.0_181-b13) (build 1.8.0_181-b13)
# Java VM: Java HotSpot(TM) 64-Bit Server VM (25.181-b13 mixed mode windows-amd64 compressed oops)
# Failed to write core dump. Minidumps are not enabled by default on client versions of Windows
#

---------------  T H R E A D  ---------------

Current thread (0x0000000018859000):  JavaThread "C2 CompilerThread1" daemon [_thread_in_native, id=34760, stack(0x0000000019220000,0x0000000019320000)]

Stack: [0x0000000019220000,0x0000000019320000]
[error occurred during error reporting (printing stack bounds), id 0xc0000005]

Native frames: (J=compiled Java code, j=interpreted, Vv=VM code, C=native code)


Current CompileTask:
C2:11946931 4540   !   4       org.eclipse.osgi.internal.loader.BundleLoader::findRequiredSource (283 bytes)


---------------  P R O C E S S  ---------------

Java Threads: ( => current thread )
  0x000000001e3c3800 JavaThread "Framework stop" [_thread_new, id=70252, stack(0x0000000000000000,0x0000000000000000)]
  0x000000001a3d7800 JavaThread "Worker-2" [_thread_blocked, id=12480, stack(0x000000001f150000,0x000000001f250000)]
  0x0000000019ae0800 JavaThread "pool-1-thread-1" [_thread_in_native, id=18284, stack(0x000000001f050000,0x000000001f150000)]
  0x000000001df93000 JavaThread "pool-2-thread-1" [_thread_blocked, id=19472, stack(0x000000001d7f0000,0x000000001d8f0000)]
  0x0000000019fae800 JavaThread "Worker-1" [_thread_blocked, id=1604, stack(0x000000001bdd0000,0x000000001bed0000)]
  0x0000000019fae000 JavaThread "Java indexing" daemon [_thread_blocked, id=33188, stack(0x000000001bcd0000,0x000000001bdd0000)]
  0x0000000019f1f800 JavaThread "Worker-JM" [_thread_blocked, id=27796, stack(0x000000001b3d0000,0x000000001b4d0000)]
  0x000000001a5a5000 JavaThread "Start Level: Equinox Container: ca830986-e40c-4838-887b-cdbac812bd86" daemon [_thread_blocked, id=24048, stack(0x000000001b0d0000,0x000000001b1d0000)]
  0x000000001a14f000 JavaThread "Framework Event Dispatcher: Equinox Container: ca830986-e40c-4838-887b-cdbac812bd86" daemon [_thread_blocked, id=200, stack(0x000000001afd0000,0x000000001b0d0000)]
  0x0000000019ae0000 JavaThread "Active Thread: Equinox Container: ca830986-e40c-4838-887b-cdbac812bd86" [_thread_blocked, id=34592, stack(0x000000001aed0000,0x000000001afd0000)]
  0x00000000188d3800 JavaThread "Service Thread" daemon [_thread_blocked, id=14844, stack(0x0000000019420000,0x0000000019520000)]
  0x0000000018859800 JavaThread "C1 CompilerThread2" daemon [_thread_blocked, id=15224, stack(0x0000000019320000,0x0000000019420000)]
=>0x0000000018859000 JavaThread "C2 CompilerThread1" daemon [_thread_in_native, id=34760, stack(0x0000000019220000,0x0000000019320000)]
  0x0000000018854000 JavaThread "C2 CompilerThread0" daemon [_thread_blocked, id=14556, stack(0x0000000019120000,0x0000000019220000)]
  0x0000000018853800 JavaThread "Attach Listener" daemon [_thread_blocked, id=5476, stack(0x0000000019020000,0x0000000019120000)]
  0x000000001883e800 JavaThread "Signal Dispatcher" daemon [_thread_blocked, id=3584, stack(0x0000000018f20000,0x0000000019020000)]
  0x000000001883d000 JavaThread "Surrogate Locker Thread (Concurrent GC)" daemon [_thread_blocked, id=32436, stack(0x0000000018e20000,0x0000000018f20000)]
  0x0000000018804800 JavaThread "Finalizer" daemon [_thread_blocked, id=21172, stack(0x0000000018c90000,0x0000000018d90000)]
  0x00000000187fc800 JavaThread "Reference Handler" daemon [_thread_blocked, id=22224, stack(0x0000000018b90000,0x0000000018c90000)]
  0x0000000002b42800 JavaThread "main" [_thread_blocked, id=24248, stack(0x0000000002a40000,0x0000000002b40000)]

Other Threads:
  0x00000000187f4000 VMThread [stack: 0x0000000018a90000,0x0000000018b90000] [id=28540]
  0x00000000188c2000 WatcherThread [stack: 0x0000000019520000,0x0000000019620000] [id=22488]

VM state:not at safepoint (normal execution)

VM Mutex/Monitor currently owned by a thread: None

Heap:
 garbage-first heap   total 260096K, used 144895K [0x00000000c0000000, 0x00000000c01007f0, 0x0000000100000000)
  region size 1024K, 108 young (110592K), 6 survivors (6144K)
 Metaspace       used 39666K, capacity 41878K, committed 42112K, reserved 1087488K
  class space    used 4332K, capacity 4987K, committed 4992K, reserved 1048576K

Heap Regions: (Y=young(eden), SU=young(survivor), HS=humongous(starts), HC=humongous(continues), CS=collection set, F=free, TS=gc time stamp, PTAMS=previous top-at-mark-start, NTAMS=next top-at-mark-start)
AC   0  O    TS     0 PTAMS 0x00000000c0100000 NTAMS 0x00000000c0100000 space 1024K, 100% used [0x00000000c0000000, 0x00000000c0100000)
AC   0  O    TS     0 PTAMS 0x00000000c0200000 NTAMS 0x00000000c0200000 space 1024K, 100% used [0x00000000c0100000, 0x00000000c0200000)
AC   0  O    TS     0 PTAMS 0x00000000c0300000 NTAMS 0x00000000c0300000 space 1024K, 100% used [0x00000000c0200000, 0x00000000c0300000)
AC   0  O    TS     0 PTAMS 0x00000000c0400000 NTAMS 0x00000000c0400000 space 1024K, 100% used [0x00000000c0300000, 0x00000000c0400000)
AC   0  O    TS     0 PTAMS 0x00000000c0500000 NTAMS 0x00000000c0500000 space 1024K, 100% used [0x00000000c0400000, 0x00000000c0500000)
AC   0  O    TS     0 PTAMS 0x00000000c0600000 NTAMS 0x00000000c0600000 space 1024K, 100% used [0x00000000c0500000, 0x00000000c0600000)
AC   0  O    TS     0 PTAMS 0x00000000c0700000 NTAMS 0x00000000c0700000 space 1024K, 100% used [0x00000000c0600000, 0x00000000c0700000)
AC   0  O    TS     0 PTAMS 0x00000000c0800000 NTAMS 0x00000000c0800000 space 1024K, 100% used [0x00000000c0700000, 0x00000000c0800000)
AC   0  O    TS     0 PTAMS 0x00000000c0900000 NTAMS 0x00000000c0900000 space 1024K, 100% used [0x00000000c0800000, 0x00000000c0900000)
AC   0  O    TS     0 PTAMS 0x00000000c0a00000 NTAMS 0x00000000c0a00000 space 1024K, 100% used [0x00000000c0900000, 0x00000000c0a00000)
AC   0  O    TS     0 PTAMS 0x00000000c0b00000 NTAMS 0x00000000c0b00000 space 1024K, 100% used [0x00000000c0a00000, 0x00000000c0b00000)
AC   0  O    TS     0 PTAMS 0x00000000c0c00000 NTAMS 0x00000000c0c00000 space 1024K, 100% used [0x00000000c0b00000, 0x00000000c0c00000)
AC   0  O    TS     0 PTAMS 0x00000000c0d00000 NTAMS 0x00000000c0d00000 space 1024K, 100% used [0x00000000c0c00000, 0x00000000c0d00000)
AC   0  O    TS     0 PTAMS 0x00000000c0e00000 NTAMS 0x00000000c0e00000 space 1024K, 100% used [0x00000000c0d00000, 0x00000000c0e00000)
AC   0  O    TS     0 PTAMS 0x00000000c0f00000 NTAMS 0x00000000c0f00000 space 1024K, 100% used [0x00000000c0e00000, 0x00000000c0f00000)
AC   0  O    TS     0 PTAMS 0x00000000c1000000 NTAMS 0x00000000c1000000 space 1024K, 100% used [0x00000000c0f00000, 0x00000000c1000000)
AC   0  O    TS     0 PTAMS 0x00000000c1100000 NTAMS 0x00000000c1100000 space 1024K, 100% used [0x00000000c1000000, 0x00000000c1100000)
AC   0  O    TS     0 PTAMS 0x00000000c1200000 NTAMS 0x00000000c1200000 space 1024K, 100% used [0x00000000c1100000, 0x00000000c1200000)
AC   0  O    TS     1 PTAMS 0x00000000c12a1400 NTAMS 0x00000000c12a1400 space 1024K, 100% used [0x00000000c1200000, 0x00000000c1300000)
AC   0  O    TS     1 PTAMS 0x00000000c1300000 NTAMS 0x00000000c1300000 space 1024K, 100% used [0x00000000c1300000, 0x00000000c1400000)
AC   0  O    TS     1 PTAMS 0x00000000c1400000 NTAMS 0x00000000c1400000 space 1024K, 100% used [0x00000000c1400000, 0x00000000c1500000)
AC   0  O    TS     1 PTAMS 0x00000000c1500000 NTAMS 0x00000000c1500000 space 1024K, 100% used [0x00000000c1500000, 0x00000000c1600000)
AC   0  O    TS     1 PTAMS 0x00000000c1600000 NTAMS 0x00000000c1600000 space 1024K, 100% used [0x00000000c1600000, 0x00000000c1700000)
AC   0  O    TS     1 PTAMS 0x00000000c1700000 NTAMS 0x00000000c1700000 space 1024K, 100% used [0x00000000c1700000, 0x00000000c1800000)
AC   0  O    TS     1 PTAMS 0x00000000c1800000 NTAMS 0x00000000c1800000 space 1024K, 100% used [0x00000000c1800000, 0x00000000c1900000)
AC   0  O    TS     1 PTAMS 0x00000000c1900000 NTAMS 0x00000000c1900000 space 1024K, 100% used [0x00000000c1900000, 0x00000000c1a00000)
AC   0  O    TS     1 PTAMS 0x00000000c1a00000 NTAMS 0x00000000c1a00000 space 1024K, 100% used [0x00000000c1a00000, 0x00000000c1b00000)
AC   0  O    TS     1 PTAMS 0x00000000c1b00000 NTAMS 0x00000000c1b00000 space 1024K, 100% used [0x00000000c1b00000, 0x00000000c1c00000)
AC   0  O    TS     1 PTAMS 0x00000000c1c00000 NTAMS 0x00000000c1c00000 space 1024K, 100% used [0x00000000c1c00000, 0x00000000c1d00000)
AC   0  O    TS     1 PTAMS 0x00000000c1d00000 NTAMS 0x00000000c1d00000 space 1024K, 100% used [0x00000000c1d00000, 0x00000000c1e00000)
AC   0  O    TS     1 PTAMS 0x00000000c1e00000 NTAMS 0x00000000c1e00000 space 1024K, 100% used [0x00000000c1e00000, 0x00000000c1f00000)
AC   0  O    TS     1 PTAMS 0x00000000c1f00000 NTAMS 0x00000000c1f00000 space 1024K, 100% used [0x00000000c1f00000, 0x00000000c2000000)
AC   0  O    TS     1 PTAMS 0x00000000c2000000 NTAMS 0x00000000c2000000 space 1024K, 100% used [0x00000000c2000000, 0x00000000c2100000)
AC   0  O    TS     1 PTAMS 0x00000000c2100000 NTAMS 0x00000000c2100000 space 1024K, 100% used [0x00000000c2100000, 0x00000000c2200000)
AC   0  O    TS     1 PTAMS 0x00000000c2200000 NTAMS 0x00000000c2200000 space 1024K,  50% used [0x00000000c2200000, 0x00000000c2300000)
AC   0  F    TS     0 PTAMS 0x00000000c2300000 NTAMS 0x00000000c2300000 space 1024K,   0% used [0x00000000c2300000, 0x00000000c2400000)
AC   0  F    TS     0 PTAMS 0x00000000c2400000 NTAMS 0x00000000c2400000 space 1024K,   0% used [0x00000000c2400000, 0x00000000c2500000)
AC   0  F    TS     0 PTAMS 0x00000000c2500000 NTAMS 0x00000000c2500000 space 1024K,   0% used [0x00000000c2500000, 0x00000000c2600000)
AC   0  F    TS     0 PTAMS 0x00000000c2600000 NTAMS 0x00000000c2600000 space 1024K,   0% used [0x00000000c2600000, 0x00000000c2700000)
AC   0  F    TS     0 PTAMS 0x00000000c2700000 NTAMS 0x00000000c2700000 space 1024K,   0% used [0x00000000c2700000, 0x00000000c2800000)
AC   0  F    TS     0 PTAMS 0x00000000c2800000 NTAMS 0x00000000c2800000 space 1024K,   0% used [0x00000000c2800000, 0x00000000c2900000)
AC   0  F    TS     0 PTAMS 0x00000000c2900000 NTAMS 0x00000000c2900000 space 1024K,   0% used [0x00000000c2900000, 0x00000000c2a00000)
AC   0  F    TS     0 PTAMS 0x00000000c2a00000 NTAMS 0x00000000c2a00000 space 1024K,   0% used [0x00000000c2a00000, 0x00000000c2b00000)
AC   0  F    TS     0 PTAMS 0x00000000c2b00000 NTAMS 0x00000000c2b00000 space 1024K,   0% used [0x00000000c2b00000, 0x00000000c2c00000)
AC   0  F    TS     0 PTAMS 0x00000000c2c00000 NTAMS 0x00000000c2c00000 space 1024K,   0% used [0x00000000c2c00000, 0x00000000c2d00000)
AC   0  F    TS     0 PTAMS 0x00000000c2d00000 NTAMS 0x00000000c2d00000 space 1024K,   0% used [0x00000000c2d00000, 0x00000000c2e00000)
AC   0  F    TS     0 PTAMS 0x00000000c2e00000 NTAMS 0x00000000c2e00000 space 1024K,   0% used [0x00000000c2e00000, 0x00000000c2f00000)
AC   0  F    TS     0 PTAMS 0x00000000c2f00000 NTAMS 0x00000000c2f00000 space 1024K,   0% used [0x00000000c2f00000, 0x00000000c3000000)
AC   0  F    TS     0 PTAMS 0x00000000c3000000 NTAMS 0x00000000c3000000 space 1024K,   0% used [0x00000000c3000000, 0x00000000c3100000)
AC   0  F    TS     0 PTAMS 0x00000000c3100000 NTAMS 0x00000000c3100000 space 1024K,   0% used [0x00000000c3100000, 0x00000000c3200000)
AC   0  F    TS     0 PTAMS 0x00000000c3200000 NTAMS 0x00000000c3200000 space 1024K,   0% used [0x00000000c3200000, 0x00000000c3300000)
AC   0  F    TS     0 PTAMS 0x00000000c3300000 NTAMS 0x00000000c3300000 space 1024K,   0% used [0x00000000c3300000, 0x00000000c3400000)
AC   0  F    TS     0 PTAMS 0x00000000c3400000 NTAMS 0x00000000c3400000 space 1024K,   0% used [0x00000000c3400000, 0x00000000c3500000)
AC   0  F    TS     0 PTAMS 0x00000000c3500000 NTAMS 0x00000000c3500000 space 1024K,   0% used [0x00000000c3500000, 0x00000000c3600000)
AC   0  F    TS     0 PTAMS 0x00000000c3600000 NTAMS 0x00000000c3600000 space 1024K,   0% used [0x00000000c3600000, 0x00000000c3700000)
AC   0  F    TS     0 PTAMS 0x00000000c3700000 NTAMS 0x00000000c3700000 space 1024K,   0% used [0x00000000c3700000, 0x00000000c3800000)
AC   0  F    TS     0 PTAMS 0x00000000c3800000 NTAMS 0x00000000c3800000 space 1024K,   0% used [0x00000000c3800000, 0x00000000c3900000)
AC   0  F    TS     0 PTAMS 0x00000000c3900000 NTAMS 0x00000000c3900000 space 1024K,   0% used [0x00000000c3900000, 0x00000000c3a00000)
AC   0  F    TS     0 PTAMS 0x00000000c3a00000 NTAMS 0x00000000c3a00000 space 1024K,   0% used [0x00000000c3a00000, 0x00000000c3b00000)
AC   0  F    TS     0 PTAMS 0x00000000c3b00000 NTAMS 0x00000000c3b00000 space 1024K,   0% used [0x00000000c3b00000, 0x00000000c3c00000)
AC   0  F    TS     0 PTAMS 0x00000000c3c00000 NTAMS 0x00000000c3c00000 space 1024K,   0% used [0x00000000c3c00000, 0x00000000c3d00000)
AC   0  F    TS     0 PTAMS 0x00000000c3d00000 NTAMS 0x00000000c3d00000 space 1024K,   0% used [0x00000000c3d00000, 0x00000000c3e00000)
AC   0  F    TS     0 PTAMS 0x00000000c3e00000 NTAMS 0x00000000c3e00000 space 1024K,   0% used [0x00000000c3e00000, 0x00000000c3f00000)
AC   0  F    TS     0 PTAMS 0x00000000c3f00000 NTAMS 0x00000000c3f00000 space 1024K,   0% used [0x00000000c3f00000, 0x00000000c4000000)
AC   0  F    TS     0 PTAMS 0x00000000c4000000 NTAMS 0x00000000c4000000 space 1024K,   0% used [0x00000000c4000000, 0x00000000c4100000)
AC   0  F    TS     0 PTAMS 0x00000000c4100000 NTAMS 0x00000000c4100000 space 1024K,   0% used [0x00000000c4100000, 0x00000000c4200000)
AC   0  F    TS     0 PTAMS 0x00000000c4200000 NTAMS 0x00000000c4200000 space 1024K,   0% used [0x00000000c4200000, 0x00000000c4300000)
AC   0  F    TS     0 PTAMS 0x00000000c4300000 NTAMS 0x00000000c4300000 space 1024K,   0% used [0x00000000c4300000, 0x00000000c4400000)
AC   0  F    TS     0 PTAMS 0x00000000c4400000 NTAMS 0x00000000c4400000 space 1024K,   0% used [0x00000000c4400000, 0x00000000c4500000)
AC   0  F    TS     0 PTAMS 0x00000000c4500000 NTAMS 0x00000000c4500000 space 1024K,   0% used [0x00000000c4500000, 0x00000000c4600000)
AC   0  F    TS     0 PTAMS 0x00000000c4600000 NTAMS 0x00000000c4600000 space 1024K,   0% used [0x00000000c4600000, 0x00000000c4700000)
AC   0  F    TS     0 PTAMS 0x00000000c4700000 NTAMS 0x00000000c4700000 space 1024K,   0% used [0x00000000c4700000, 0x00000000c4800000)
AC   0  F    TS     0 PTAMS 0x00000000c4800000 NTAMS 0x00000000c4800000 space 1024K,   0% used [0x00000000c4800000, 0x00000000c4900000)
AC   0  F    TS     0 PTAMS 0x00000000c4900000 NTAMS 0x00000000c4900000 space 1024K,   0% used [0x00000000c4900000, 0x00000000c4a00000)
AC   0  F    TS     0 PTAMS 0x00000000c4a00000 NTAMS 0x00000000c4a00000 space 1024K,   0% used [0x00000000c4a00000, 0x00000000c4b00000)
AC   0  F    TS     0 PTAMS 0x00000000c4b00000 NTAMS 0x00000000c4b00000 space 1024K,   0% used [0x00000000c4b00000, 0x00000000c4c00000)
AC   0  F    TS     0 PTAMS 0x00000000c4c00000 NTAMS 0x00000000c4c00000 space 1024K,   0% used [0x00000000c4c00000, 0x00000000c4d00000)
AC   0  F    TS     0 PTAMS 0x00000000c4d00000 NTAMS 0x00000000c4d00000 space 1024K,   0% used [0x00000000c4d00000, 0x00000000c4e00000)
AC   0  F    TS     0 PTAMS 0x00000000c4e00000 NTAMS 0x00000000c4e00000 space 1024K,   0% used [0x00000000c4e00000, 0x00000000c4f00000)
AC   0  F    TS     0 PTAMS 0x00000000c4f00000 NTAMS 0x00000000c4f00000 space 1024K,   0% used [0x00000000c4f00000, 0x00000000c5000000)
AC   0  F    TS     0 PTAMS 0x00000000c5000000 NTAMS 0x00000000c5000000 space 1024K,   0% used [0x00000000c5000000, 0x00000000c5100000)
AC   0  F    TS     0 PTAMS 0x00000000c5100000 NTAMS 0x00000000c5100000 space 1024K,   0% used [0x00000000c5100000, 0x00000000c5200000)
AC   0  F    TS     0 PTAMS 0x00000000c5200000 NTAMS 0x00000000c5200000 space 1024K,   0% used [0x00000000c5200000, 0x00000000c5300000)
AC   0  F    TS     0 PTAMS 0x00000000c5300000 NTAMS 0x00000000c5300000 space 1024K,   0% used [0x00000000c5300000, 0x00000000c5400000)
AC   0  F    TS     0 PTAMS 0x00000000c5400000 NTAMS 0x00000000c5400000 space 1024K,   0% used [0x00000000c5400000, 0x00000000c5500000)
AC   0  F    TS     0 PTAMS 0x00000000c5500000 NTAMS 0x00000000c5500000 space 1024K,   0% used [0x00000000c5500000, 0x00000000c5600000)
AC   0  F    TS     0 PTAMS 0x00000000c5600000 NTAMS 0x00000000c5600000 space 1024K,   0% used [0x00000000c5600000, 0x00000000c5700000)
AC   0  F    TS     0 PTAMS 0x00000000c5700000 NTAMS 0x00000000c5700000 space 1024K,   0% used [0x00000000c5700000, 0x00000000c5800000)
AC   0  F    TS     0 PTAMS 0x00000000c5800000 NTAMS 0x00000000c5800000 space 1024K,   0% used [0x00000000c5800000, 0x00000000c5900000)
AC   0  F    TS     0 PTAMS 0x00000000c5900000 NTAMS 0x00000000c5900000 space 1024K,   0% used [0x00000000c5900000, 0x00000000c5a00000)
AC   0  F    TS     0 PTAMS 0x00000000c5a00000 NTAMS 0x00000000c5a00000 space 1024K,   0% used [0x00000000c5a00000, 0x00000000c5b00000)
AC   0  F    TS     0 PTAMS 0x00000000c5b00000 NTAMS 0x00000000c5b00000 space 1024K,   0% used [0x00000000c5b00000, 0x00000000c5c00000)
AC   0  F    TS     0 PTAMS 0x00000000c5c00000 NTAMS 0x00000000c5c00000 space 1024K,   0% used [0x00000000c5c00000, 0x00000000c5d00000)
AC   0  F    TS     0 PTAMS 0x00000000c5d00000 NTAMS 0x00000000c5d00000 space 1024K,   0% used [0x00000000c5d00000, 0x00000000c5e00000)
AC   0  F    TS     0 PTAMS 0x00000000c5e00000 NTAMS 0x00000000c5e00000 space 1024K,   0% used [0x00000000c5e00000, 0x00000000c5f00000)
AC   0  F    TS     0 PTAMS 0x00000000c5f00000 NTAMS 0x00000000c5f00000 space 1024K,   0% used [0x00000000c5f00000, 0x00000000c6000000)
AC   0  S CS TS     1 PTAMS 0x00000000c6000000 NTAMS 0x00000000c6000000 space 1024K,  99% used [0x00000000c6000000, 0x00000000c6100000)
AC   0  S CS TS     1 PTAMS 0x00000000c6100000 NTAMS 0x00000000c6100000 space 1024K, 100% used [0x00000000c6100000, 0x00000000c6200000)
AC   0  S CS TS     1 PTAMS 0x00000000c6200000 NTAMS 0x00000000c6200000 space 1024K, 100% used [0x00000000c6200000, 0x00000000c6300000)
AC   0  S CS TS     1 PTAMS 0x00000000c6300000 NTAMS 0x00000000c6300000 space 1024K, 100% used [0x00000000c6300000, 0x00000000c6400000)
AC   0  S CS TS     1 PTAMS 0x00000000c6400000 NTAMS 0x00000000c6400000 space 1024K, 100% used [0x00000000c6400000, 0x00000000c6500000)
AC   0  S CS TS     1 PTAMS 0x00000000c6500000 NTAMS 0x00000000c6500000 space 1024K, 100% used [0x00000000c6500000, 0x00000000c6600000)
AC   0  F    TS     0 PTAMS 0x00000000c6600000 NTAMS 0x00000000c6600000 space 1024K,   0% used [0x00000000c6600000, 0x00000000c6700000)
AC   0  F    TS     0 PTAMS 0x00000000c6700000 NTAMS 0x00000000c6700000 space 1024K,   0% used [0x00000000c6700000, 0x00000000c6800000)
AC   0  F    TS     0 PTAMS 0x00000000c6800000 NTAMS 0x00000000c6800000 space 1024K,   0% used [0x00000000c6800000, 0x00000000c6900000)
AC   0  F    TS     0 PTAMS 0x00000000c6900000 NTAMS 0x00000000c6900000 space 1024K,   0% used [0x00000000c6900000, 0x00000000c6a00000)
AC   0  F    TS     0 PTAMS 0x00000000c6a00000 NTAMS 0x00000000c6a00000 space 1024K,   0% used [0x00000000c6a00000, 0x00000000c6b00000)
AC   0  F    TS     0 PTAMS 0x00000000c6b00000 NTAMS 0x00000000c6b00000 space 1024K,   0% used [0x00000000c6b00000, 0x00000000c6c00000)
AC   0  F    TS     0 PTAMS 0x00000000c6c00000 NTAMS 0x00000000c6c00000 space 1024K,   0% used [0x00000000c6c00000, 0x00000000c6d00000)
AC   0  F    TS     0 PTAMS 0x00000000c6d00000 NTAMS 0x00000000c6d00000 space 1024K,   0% used [0x00000000c6d00000, 0x00000000c6e00000)
AC   0  F    TS     0 PTAMS 0x00000000c6e00000 NTAMS 0x00000000c6e00000 space 1024K,   0% used [0x00000000c6e00000, 0x00000000c6f00000)
AC   0  F    TS     0 PTAMS 0x00000000c6f00000 NTAMS 0x00000000c6f00000 space 1024K,   0% used [0x00000000c6f00000, 0x00000000c7000000)
AC   0  F    TS     0 PTAMS 0x00000000c7000000 NTAMS 0x00000000c7000000 space 1024K,   0% used [0x00000000c7000000, 0x00000000c7100000)
AC   0  F    TS     0 PTAMS 0x00000000c7100000 NTAMS 0x00000000c7100000 space 1024K,   0% used [0x00000000c7100000, 0x00000000c7200000)
AC   0  F    TS     0 PTAMS 0x00000000c7200000 NTAMS 0x00000000c7200000 space 1024K,   0% used [0x00000000c7200000, 0x00000000c7300000)
AC   0  F    TS     0 PTAMS 0x00000000c7300000 NTAMS 0x00000000c7300000 space 1024K,   0% used [0x00000000c7300000, 0x00000000c7400000)
AC   0  F    TS     0 PTAMS 0x00000000c7400000 NTAMS 0x00000000c7400000 space 1024K,   0% used [0x00000000c7400000, 0x00000000c7500000)
AC   0  F    TS     0 PTAMS 0x00000000c7500000 NTAMS 0x00000000c7500000 space 1024K,   0% used [0x00000000c7500000, 0x00000000c7600000)
AC   0  F    TS     0 PTAMS 0x00000000c7600000 NTAMS 0x00000000c7600000 space 1024K,   0% used [0x00000000c7600000, 0x00000000c7700000)
AC   0  F    TS     0 PTAMS 0x00000000c7700000 NTAMS 0x00000000c7700000 space 1024K,   0% used [0x00000000c7700000, 0x00000000c7800000)
AC   0  F    TS     0 PTAMS 0x00000000c7800000 NTAMS 0x00000000c7800000 space 1024K,   0% used [0x00000000c7800000, 0x00000000c7900000)
AC   0  F    TS     0 PTAMS 0x00000000c7900000 NTAMS 0x00000000c7900000 space 1024K,   0% used [0x00000000c7900000, 0x00000000c7a00000)
AC   0  F    TS     0 PTAMS 0x00000000c7a00000 NTAMS 0x00000000c7a00000 space 1024K,   0% used [0x00000000c7a00000, 0x00000000c7b00000)
AC   0  F    TS     0 PTAMS 0x00000000c7b00000 NTAMS 0x00000000c7b00000 space 1024K,   0% used [0x00000000c7b00000, 0x00000000c7c00000)
AC   0  F    TS     0 PTAMS 0x00000000c7c00000 NTAMS 0x00000000c7c00000 space 1024K,   0% used [0x00000000c7c00000, 0x00000000c7d00000)
AC   0  F    TS     0 PTAMS 0x00000000c7d00000 NTAMS 0x00000000c7d00000 space 1024K,   0% used [0x00000000c7d00000, 0x00000000c7e00000)
AC   0  F    TS     0 PTAMS 0x00000000c7e00000 NTAMS 0x00000000c7e00000 space 1024K,   0% used [0x00000000c7e00000, 0x00000000c7f00000)
AC   0  F    TS     0 PTAMS 0x00000000c7f00000 NTAMS 0x00000000c7f00000 space 1024K,   0% used [0x00000000c7f00000, 0x00000000c8000000)
AC   0  F    TS     0 PTAMS 0x00000000c8000000 NTAMS 0x00000000c8000000 space 1024K,   0% used [0x00000000c8000000, 0x00000000c8100000)
AC   0  F    TS     0 PTAMS 0x00000000c8100000 NTAMS 0x00000000c8100000 space 1024K,   0% used [0x00000000c8100000, 0x00000000c8200000)
AC   0  F    TS     0 PTAMS 0x00000000c8200000 NTAMS 0x00000000c8200000 space 1024K,   0% used [0x00000000c8200000, 0x00000000c8300000)
AC   0  F    TS     0 PTAMS 0x00000000c8300000 NTAMS 0x00000000c8300000 space 1024K,   0% used [0x00000000c8300000, 0x00000000c8400000)
AC   0  F    TS     0 PTAMS 0x00000000c8400000 NTAMS 0x00000000c8400000 space 1024K,   0% used [0x00000000c8400000, 0x00000000c8500000)
AC   0  F    TS     0 PTAMS 0x00000000c8500000 NTAMS 0x00000000c8500000 space 1024K,   0% used [0x00000000c8500000, 0x00000000c8600000)
AC   0  F    TS     0 PTAMS 0x00000000c8600000 NTAMS 0x00000000c8600000 space 1024K,   0% used [0x00000000c8600000, 0x00000000c8700000)
AC   0  F    TS     0 PTAMS 0x00000000c8700000 NTAMS 0x00000000c8700000 space 1024K,   0% used [0x00000000c8700000, 0x00000000c8800000)
AC   0  F    TS     0 PTAMS 0x00000000c8800000 NTAMS 0x00000000c8800000 space 1024K,   0% used [0x00000000c8800000, 0x00000000c8900000)
AC   0  F    TS     0 PTAMS 0x00000000c8900000 NTAMS 0x00000000c8900000 space 1024K,   0% used [0x00000000c8900000, 0x00000000c8a00000)
AC   0  F    TS     0 PTAMS 0x00000000c8a00000 NTAMS 0x00000000c8a00000 space 1024K,   0% used [0x00000000c8a00000, 0x00000000c8b00000)
AC   0  F    TS     0 PTAMS 0x00000000c8b00000 NTAMS 0x00000000c8b00000 space 1024K,   0% used [0x00000000c8b00000, 0x00000000c8c00000)
AC   0  F    TS     0 PTAMS 0x00000000c8c00000 NTAMS 0x00000000c8c00000 space 1024K,   0% used [0x00000000c8c00000, 0x00000000c8d00000)
AC   0  F    TS     0 PTAMS 0x00000000c8d00000 NTAMS 0x00000000c8d00000 space 1024K,   0% used [0x00000000c8d00000, 0x00000000c8e00000)
AC   0  F    TS     0 PTAMS 0x00000000c8e00000 NTAMS 0x00000000c8e00000 space 1024K,   0% used [0x00000000c8e00000, 0x00000000c8f00000)
AC   0  F    TS     0 PTAMS 0x00000000c8f00000 NTAMS 0x00000000c8f00000 space 1024K,   0% used [0x00000000c8f00000, 0x00000000c9000000)
AC   0  F    TS     0 PTAMS 0x00000000c9000000 NTAMS 0x00000000c9000000 space 1024K,   0% used [0x00000000c9000000, 0x00000000c9100000)
AC   0  F    TS     0 PTAMS 0x00000000c9100000 NTAMS 0x00000000c9100000 space 1024K,   0% used [0x00000000c9100000, 0x00000000c9200000)
AC   0  F    TS     0 PTAMS 0x00000000c9200000 NTAMS 0x00000000c9200000 space 1024K,   0% used [0x00000000c9200000, 0x00000000c9300000)
AC   0  F    TS     0 PTAMS 0x00000000c9300000 NTAMS 0x00000000c9300000 space 1024K,   0% used [0x00000000c9300000, 0x00000000c9400000)
AC   0  F    TS     0 PTAMS 0x00000000c9400000 NTAMS 0x00000000c9400000 space 1024K,   0% used [0x00000000c9400000, 0x00000000c9500000)
AC   0  F    TS     0 PTAMS 0x00000000c9500000 NTAMS 0x00000000c9500000 space 1024K,   0% used [0x00000000c9500000, 0x00000000c9600000)
AC   0  F    TS     0 PTAMS 0x00000000c9600000 NTAMS 0x00000000c9600000 space 1024K,   0% used [0x00000000c9600000, 0x00000000c9700000)
AC   0  E    TS     0 PTAMS 0x00000000c9700000 NTAMS 0x00000000c9700000 space 1024K,  36% used [0x00000000c9700000, 0x00000000c9800000)
AC   0  E CS TS     0 PTAMS 0x00000000c9800000 NTAMS 0x00000000c9800000 space 1024K, 100% used [0x00000000c9800000, 0x00000000c9900000)
AC   0  E CS TS     0 PTAMS 0x00000000c9900000 NTAMS 0x00000000c9900000 space 1024K, 100% used [0x00000000c9900000, 0x00000000c9a00000)
AC   0  E CS TS     0 PTAMS 0x00000000c9a00000 NTAMS 0x00000000c9a00000 space 1024K, 100% used [0x00000000c9a00000, 0x00000000c9b00000)
AC   0  E CS TS     0 PTAMS 0x00000000c9b00000 NTAMS 0x00000000c9b00000 space 1024K, 100% used [0x00000000c9b00000, 0x00000000c9c00000)
AC   0  E CS TS     0 PTAMS 0x00000000c9c00000 NTAMS 0x00000000c9c00000 space 1024K, 100% used [0x00000000c9c00000, 0x00000000c9d00000)
AC   0  E CS TS     0 PTAMS 0x00000000c9d00000 NTAMS 0x00000000c9d00000 space 1024K, 100% used [0x00000000c9d00000, 0x00000000c9e00000)
AC   0  E CS TS     0 PTAMS 0x00000000c9e00000 NTAMS 0x00000000c9e00000 space 1024K, 100% used [0x00000000c9e00000, 0x00000000c9f00000)
AC   0  E CS TS     0 PTAMS 0x00000000c9f00000 NTAMS 0x00000000c9f00000 space 1024K, 100% used [0x00000000c9f00000, 0x00000000ca000000)
AC   0  E CS TS     0 PTAMS 0x00000000ca000000 NTAMS 0x00000000ca000000 space 1024K, 100% used [0x00000000ca000000, 0x00000000ca100000)
AC   0  E CS TS     0 PTAMS 0x00000000ca100000 NTAMS 0x00000000ca100000 space 1024K, 100% used [0x00000000ca100000, 0x00000000ca200000)
AC   0  E CS TS     0 PTAMS 0x00000000ca200000 NTAMS 0x00000000ca200000 space 1024K, 100% used [0x00000000ca200000, 0x00000000ca300000)
AC   0  E CS TS     0 PTAMS 0x00000000ca300000 NTAMS 0x00000000ca300000 space 1024K, 100% used [0x00000000ca300000, 0x00000000ca400000)
AC   0  E CS TS     0 PTAMS 0x00000000ca400000 NTAMS 0x00000000ca400000 space 1024K, 100% used [0x00000000ca400000, 0x00000000ca500000)
AC   0  E CS TS     0 PTAMS 0x00000000ca500000 NTAMS 0x00000000ca500000 space 1024K, 100% used [0x00000000ca500000, 0x00000000ca600000)
AC   0  E CS TS     0 PTAMS 0x00000000ca600000 NTAMS 0x00000000ca600000 space 1024K, 100% used [0x00000000ca600000, 0x00000000ca700000)
AC   0  E CS TS     0 PTAMS 0x00000000ca700000 NTAMS 0x00000000ca700000 space 1024K, 100% used [0x00000000ca700000, 0x00000000ca800000)
AC   0  E CS TS     0 PTAMS 0x00000000ca800000 NTAMS 0x00000000ca800000 space 1024K, 100% used [0x00000000ca800000, 0x00000000ca900000)
AC   0  E CS TS     0 PTAMS 0x00000000ca900000 NTAMS 0x00000000ca900000 space 1024K, 100% used [0x00000000ca900000, 0x00000000caa00000)
AC   0  E CS TS     0 PTAMS 0x00000000caa00000 NTAMS 0x00000000caa00000 space 1024K, 100% used [0x00000000caa00000, 0x00000000cab00000)
AC   0  E CS TS     0 PTAMS 0x00000000cab00000 NTAMS 0x00000000cab00000 space 1024K, 100% used [0x00000000cab00000, 0x00000000cac00000)
AC   0  E CS TS     0 PTAMS 0x00000000cac00000 NTAMS 0x00000000cac00000 space 1024K, 100% used [0x00000000cac00000, 0x00000000cad00000)
AC   0  E CS TS     0 PTAMS 0x00000000cad00000 NTAMS 0x00000000cad00000 space 1024K, 100% used [0x00000000cad00000, 0x00000000cae00000)
AC   0  E CS TS     0 PTAMS 0x00000000cae00000 NTAMS 0x00000000cae00000 space 1024K, 100% used [0x00000000cae00000, 0x00000000caf00000)
AC   0  E CS TS     0 PTAMS 0x00000000caf00000 NTAMS 0x00000000caf00000 space 1024K, 100% used [0x00000000caf00000, 0x00000000cb000000)
AC   0  E CS TS     0 PTAMS 0x00000000cb000000 NTAMS 0x00000000cb000000 space 1024K, 100% used [0x00000000cb000000, 0x00000000cb100000)
AC   0  E CS TS     0 PTAMS 0x00000000cb100000 NTAMS 0x00000000cb100000 space 1024K, 100% used [0x00000000cb100000, 0x00000000cb200000)
AC   0  E CS TS     0 PTAMS 0x00000000cb200000 NTAMS 0x00000000cb200000 space 1024K, 100% used [0x00000000cb200000, 0x00000000cb300000)
AC   0  E CS TS     0 PTAMS 0x00000000cb300000 NTAMS 0x00000000cb300000 space 1024K, 100% used [0x00000000cb300000, 0x00000000cb400000)
AC   0  E CS TS     0 PTAMS 0x00000000cb400000 NTAMS 0x00000000cb400000 space 1024K, 100% used [0x00000000cb400000, 0x00000000cb500000)
AC   0  E CS TS     0 PTAMS 0x00000000cb500000 NTAMS 0x00000000cb500000 space 1024K, 100% used [0x00000000cb500000, 0x00000000cb600000)
AC   0  E CS TS     0 PTAMS 0x00000000cb600000 NTAMS 0x00000000cb600000 space 1024K, 100% used [0x00000000cb600000, 0x00000000cb700000)
AC   0  E CS TS     0 PTAMS 0x00000000cb700000 NTAMS 0x00000000cb700000 space 1024K, 100% used [0x00000000cb700000, 0x00000000cb800000)
AC   0  E CS TS     0 PTAMS 0x00000000cb800000 NTAMS 0x00000000cb800000 space 1024K, 100% used [0x00000000cb800000, 0x00000000cb900000)
AC   0  E CS TS     0 PTAMS 0x00000000cb900000 NTAMS 0x00000000cb900000 space 1024K, 100% used [0x00000000cb900000, 0x00000000cba00000)
AC   0  E CS TS     0 PTAMS 0x00000000cba00000 NTAMS 0x00000000cba00000 space 1024K, 100% used [0x00000000cba00000, 0x00000000cbb00000)
AC   0  E CS TS     0 PTAMS 0x00000000cbb00000 NTAMS 0x00000000cbb00000 space 1024K, 100% used [0x00000000cbb00000, 0x00000000cbc00000)
AC   0  E CS TS     0 PTAMS 0x00000000cbc00000 NTAMS 0x00000000cbc00000 space 1024K, 100% used [0x00000000cbc00000, 0x00000000cbd00000)
AC   0  E CS TS     0 PTAMS 0x00000000cbd00000 NTAMS 0x00000000cbd00000 space 1024K, 100% used [0x00000000cbd00000, 0x00000000cbe00000)
AC   0  E CS TS     0 PTAMS 0x00000000cbe00000 NTAMS 0x00000000cbe00000 space 1024K, 100% used [0x00000000cbe00000, 0x00000000cbf00000)
AC   0  E CS TS     0 PTAMS 0x00000000cbf00000 NTAMS 0x00000000cbf00000 space 1024K, 100% used [0x00000000cbf00000, 0x00000000cc000000)
AC   0  E CS TS     0 PTAMS 0x00000000cc000000 NTAMS 0x00000000cc000000 space 1024K, 100% used [0x00000000cc000000, 0x00000000cc100000)
AC   0  E CS TS     0 PTAMS 0x00000000cc100000 NTAMS 0x00000000cc100000 space 1024K, 100% used [0x00000000cc100000, 0x00000000cc200000)
AC   0  E CS TS     0 PTAMS 0x00000000cc200000 NTAMS 0x00000000cc200000 space 1024K, 100% used [0x00000000cc200000, 0x00000000cc300000)
AC   0  E CS TS     0 PTAMS 0x00000000cc300000 NTAMS 0x00000000cc300000 space 1024K, 100% used [0x00000000cc300000, 0x00000000cc400000)
AC   0  E CS TS     0 PTAMS 0x00000000cc400000 NTAMS 0x00000000cc400000 space 1024K, 100% used [0x00000000cc400000, 0x00000000cc500000)
AC   0  E CS TS     0 PTAMS 0x00000000cc500000 NTAMS 0x00000000cc500000 space 1024K, 100% used [0x00000000cc500000, 0x00000000cc600000)
AC   0  E CS TS     0 PTAMS 0x00000000cc600000 NTAMS 0x00000000cc600000 space 1024K, 100% used [0x00000000cc600000, 0x00000000cc700000)
AC   0  E CS TS     0 PTAMS 0x00000000cc700000 NTAMS 0x00000000cc700000 space 1024K, 100% used [0x00000000cc700000, 0x00000000cc800000)
AC   0  E CS TS     0 PTAMS 0x00000000cc800000 NTAMS 0x00000000cc800000 space 1024K, 100% used [0x00000000cc800000, 0x00000000cc900000)
AC   0  E CS TS     0 PTAMS 0x00000000cc900000 NTAMS 0x00000000cc900000 space 1024K, 100% used [0x00000000cc900000, 0x00000000cca00000)
AC   0  E CS TS     0 PTAMS 0x00000000cca00000 NTAMS 0x00000000cca00000 space 1024K, 100% used [0x00000000cca00000, 0x00000000ccb00000)
AC   0  E CS TS     0 PTAMS 0x00000000ccb00000 NTAMS 0x00000000ccb00000 space 1024K, 100% used [0x00000000ccb00000, 0x00000000ccc00000)
AC   0  E CS TS     0 PTAMS 0x00000000ccc00000 NTAMS 0x00000000ccc00000 space 1024K, 100% used [0x00000000ccc00000, 0x00000000ccd00000)
AC   0  E CS TS     0 PTAMS 0x00000000ccd00000 NTAMS 0x00000000ccd00000 space 1024K, 100% used [0x00000000ccd00000, 0x00000000cce00000)
AC   0  E CS TS     0 PTAMS 0x00000000cce00000 NTAMS 0x00000000cce00000 space 1024K, 100% used [0x00000000cce00000, 0x00000000ccf00000)
AC   0  E CS TS     0 PTAMS 0x00000000ccf00000 NTAMS 0x00000000ccf00000 space 1024K, 100% used [0x00000000ccf00000, 0x00000000cd000000)
AC   0  E CS TS     0 PTAMS 0x00000000cd000000 NTAMS 0x00000000cd000000 space 1024K, 100% used [0x00000000cd000000, 0x00000000cd100000)
AC   0  E CS TS     0 PTAMS 0x00000000cd100000 NTAMS 0x00000000cd100000 space 1024K, 100% used [0x00000000cd100000, 0x00000000cd200000)
AC   0  E CS TS     0 PTAMS 0x00000000cd200000 NTAMS 0x00000000cd200000 space 1024K, 100% used [0x00000000cd200000, 0x00000000cd300000)
AC   0  E CS TS     0 PTAMS 0x00000000cd300000 NTAMS 0x00000000cd300000 space 1024K, 100% used [0x00000000cd300000, 0x00000000cd400000)
AC   0  E CS TS     0 PTAMS 0x00000000cd400000 NTAMS 0x00000000cd400000 space 1024K, 100% used [0x00000000cd400000, 0x00000000cd500000)
AC   0  E CS TS     0 PTAMS 0x00000000cd500000 NTAMS 0x00000000cd500000 space 1024K, 100% used [0x00000000cd500000, 0x00000000cd600000)
AC   0  E CS TS     0 PTAMS 0x00000000cd600000 NTAMS 0x00000000cd600000 space 1024K, 100% used [0x00000000cd600000, 0x00000000cd700000)
AC   0  E CS TS     0 PTAMS 0x00000000cd700000 NTAMS 0x00000000cd700000 space 1024K, 100% used [0x00000000cd700000, 0x00000000cd800000)
AC   0  E CS TS     0 PTAMS 0x00000000cd800000 NTAMS 0x00000000cd800000 space 1024K, 100% used [0x00000000cd800000, 0x00000000cd900000)
AC   0  E CS TS     0 PTAMS 0x00000000cd900000 NTAMS 0x00000000cd900000 space 1024K, 100% used [0x00000000cd900000, 0x00000000cda00000)
AC   0  E CS TS     0 PTAMS 0x00000000cda00000 NTAMS 0x00000000cda00000 space 1024K, 100% used [0x00000000cda00000, 0x00000000cdb00000)
AC   0  E CS TS     0 PTAMS 0x00000000cdb00000 NTAMS 0x00000000cdb00000 space 1024K, 100% used [0x00000000cdb00000, 0x00000000cdc00000)
AC   0  E CS TS     0 PTAMS 0x00000000cdc00000 NTAMS 0x00000000cdc00000 space 1024K, 100% used [0x00000000cdc00000, 0x00000000cdd00000)
AC   0  E CS TS     0 PTAMS 0x00000000cdd00000 NTAMS 0x00000000cdd00000 space 1024K, 100% used [0x00000000cdd00000, 0x00000000cde00000)
AC   0  E CS TS     0 PTAMS 0x00000000cde00000 NTAMS 0x00000000cde00000 space 1024K, 100% used [0x00000000cde00000, 0x00000000cdf00000)
AC   0  E CS TS     0 PTAMS 0x00000000cdf00000 NTAMS 0x00000000cdf00000 space 1024K, 100% used [0x00000000cdf00000, 0x00000000ce000000)
AC   0  E CS TS     0 PTAMS 0x00000000ce000000 NTAMS 0x00000000ce000000 space 1024K, 100% used [0x00000000ce000000, 0x00000000ce100000)
AC   0  E CS TS     0 PTAMS 0x00000000ce100000 NTAMS 0x00000000ce100000 space 1024K, 100% used [0x00000000ce100000, 0x00000000ce200000)
AC   0  E CS TS     0 PTAMS 0x00000000ce200000 NTAMS 0x00000000ce200000 space 1024K, 100% used [0x00000000ce200000, 0x00000000ce300000)
AC   0  E CS TS     0 PTAMS 0x00000000ce300000 NTAMS 0x00000000ce300000 space 1024K, 100% used [0x00000000ce300000, 0x00000000ce400000)
AC   0  E CS TS     0 PTAMS 0x00000000ce400000 NTAMS 0x00000000ce400000 space 1024K, 100% used [0x00000000ce400000, 0x00000000ce500000)
AC   0  E CS TS     0 PTAMS 0x00000000ce500000 NTAMS 0x00000000ce500000 space 1024K, 100% used [0x00000000ce500000, 0x00000000ce600000)
AC   0  E CS TS     0 PTAMS 0x00000000ce600000 NTAMS 0x00000000ce600000 space 1024K, 100% used [0x00000000ce600000, 0x00000000ce700000)
AC   0  E CS TS     0 PTAMS 0x00000000ce700000 NTAMS 0x00000000ce700000 space 1024K, 100% used [0x00000000ce700000, 0x00000000ce800000)
AC   0  E CS TS     0 PTAMS 0x00000000ce800000 NTAMS 0x00000000ce800000 space 1024K, 100% used [0x00000000ce800000, 0x00000000ce900000)
AC   0  E CS TS     0 PTAMS 0x00000000ce900000 NTAMS 0x00000000ce900000 space 1024K, 100% used [0x00000000ce900000, 0x00000000cea00000)
AC   0  E CS TS     0 PTAMS 0x00000000cea00000 NTAMS 0x00000000cea00000 space 1024K, 100% used [0x00000000cea00000, 0x00000000ceb00000)
AC   0  E CS TS     0 PTAMS 0x00000000ceb00000 NTAMS 0x00000000ceb00000 space 1024K, 100% used [0x00000000ceb00000, 0x00000000cec00000)
AC   0  E CS TS     0 PTAMS 0x00000000cec00000 NTAMS 0x00000000cec00000 space 1024K, 100% used [0x00000000cec00000, 0x00000000ced00000)
AC   0  E CS TS     0 PTAMS 0x00000000ced00000 NTAMS 0x00000000ced00000 space 1024K, 100% used [0x00000000ced00000, 0x00000000cee00000)
AC   0  E CS TS     0 PTAMS 0x00000000cee00000 NTAMS 0x00000000cee00000 space 1024K, 100% used [0x00000000cee00000, 0x00000000cef00000)
AC   0  E CS TS     0 PTAMS 0x00000000cef00000 NTAMS 0x00000000cef00000 space 1024K, 100% used [0x00000000cef00000, 0x00000000cf000000)
AC   0  E CS TS     0 PTAMS 0x00000000cf000000 NTAMS 0x00000000cf000000 space 1024K, 100% used [0x00000000cf000000, 0x00000000cf100000)
AC   0  E CS TS     0 PTAMS 0x00000000cf100000 NTAMS 0x00000000cf100000 space 1024K, 100% used [0x00000000cf100000, 0x00000000cf200000)
AC   0  E CS TS     0 PTAMS 0x00000000cf200000 NTAMS 0x00000000cf200000 space 1024K, 100% used [0x00000000cf200000, 0x00000000cf300000)
AC   0  E CS TS     0 PTAMS 0x00000000cf300000 NTAMS 0x00000000cf300000 space 1024K, 100% used [0x00000000cf300000, 0x00000000cf400000)
AC   0  E CS TS     0 PTAMS 0x00000000cf400000 NTAMS 0x00000000cf400000 space 1024K, 100% used [0x00000000cf400000, 0x00000000cf500000)
AC   0  E CS TS     0 PTAMS 0x00000000cf500000 NTAMS 0x00000000cf500000 space 1024K, 100% used [0x00000000cf500000, 0x00000000cf600000)
AC   0  E CS TS     0 PTAMS 0x00000000cf600000 NTAMS 0x00000000cf600000 space 1024K, 100% used [0x00000000cf600000, 0x00000000cf700000)
AC   0  E CS TS     0 PTAMS 0x00000000cf700000 NTAMS 0x00000000cf700000 space 1024K, 100% used [0x00000000cf700000, 0x00000000cf800000)
AC   0  E CS TS     0 PTAMS 0x00000000cf800000 NTAMS 0x00000000cf800000 space 1024K, 100% used [0x00000000cf800000, 0x00000000cf900000)
AC   0  E CS TS     0 PTAMS 0x00000000cf900000 NTAMS 0x00000000cf900000 space 1024K, 100% used [0x00000000cf900000, 0x00000000cfa00000)
AC   0  E CS TS     0 PTAMS 0x00000000cfa00000 NTAMS 0x00000000cfa00000 space 1024K, 100% used [0x00000000cfa00000, 0x00000000cfb00000)
AC   0  E CS TS     0 PTAMS 0x00000000cfb00000 NTAMS 0x00000000cfb00000 space 1024K, 100% used [0x00000000cfb00000, 0x00000000cfc00000)
AC   0  E CS TS     0 PTAMS 0x00000000cfc00000 NTAMS 0x00000000cfc00000 space 1024K, 100% used [0x00000000cfc00000, 0x00000000cfd00000)
AC   0  E CS TS     0 PTAMS 0x00000000cfd00000 NTAMS 0x00000000cfd00000 space 1024K, 100% used [0x00000000cfd00000, 0x00000000cfe00000)

Card table byte_map: [0x0000000013150000,0x0000000013350000] byte_map_base: 0x0000000012b50000

Marking Bits (Prev, Next): (CMBitMap*) 0x0000000002b781a8, (CMBitMap*) 0x0000000002b78200
 Prev Bits: [0x0000000013550000, 0x0000000014550000)
 Next Bits: [0x0000000014550000, 0x0000000015550000)

Polling page: 0x0000000000d50000

CodeCache: size=245760Kb used=12856Kb max_used=13236Kb free=232903Kb
 bounds [0x0000000002c40000, 0x0000000003940000, 0x0000000011c40000]
 total_blobs=4423 nmethods=3871 adapters=463
 compilation: enabled

Compilation events (10 events):
Event: 11802.155 Thread 0x0000000018854000 nmethod 4539 0x00000000035d7310 code [0x00000000035d7440, 0x00000000035d7498]
Event: 11946.826 Thread 0x0000000018859000 4540   !   4       org.eclipse.osgi.internal.loader.BundleLoader::findRequiredSource (283 bytes)
Event: 11946.827 Thread 0x0000000018854000 4541       4       org.eclipse.osgi.framework.util.CaseInsensitiveDictionaryMap$CaseInsensitiveKey::hashCode (65 bytes)
Event: 11946.827 Thread 0x0000000018859800 4542   !   3       org.eclipse.osgi.internal.serviceregistry.ServiceProperties::cloneValue (106 bytes)
Event: 11946.830 Thread 0x0000000018859800 nmethod 4542 0x00000000037b7e50 code [0x00000000037b8060, 0x00000000037b8e08]
Event: 11946.831 Thread 0x0000000018859800 4543       3       org.eclipse.osgi.internal.loader.sources.PackageSource::getBundleLoader (32 bytes)
Event: 11946.835 Thread 0x0000000018859800 nmethod 4543 0x000000000356b610 code [0x000000000356b7e0, 0x000000000356c328]
Event: 11946.835 Thread 0x0000000018854000 nmethod 4541 0x0000000002ff6350 code [0x0000000002ff64a0, 0x0000000002ff6858]
Event: 11946.842 Thread 0x0000000018854000 4544       4       sun.security.provider.DigestBase::implCompressMultiBlock (23 bytes)
Event: 11946.844 Thread 0x0000000018854000 nmethod 4544 0x000000000319e750 code [0x000000000319e880, 0x000000000319e938]

GC Heap History (10 events):
Event: 4.211 GC heap before
{Heap before GC invocations=1 (full 0):
 garbage-first heap   total 260096K, used 20871K [0x00000000c0000000, 0x00000000c01007f0, 0x0000000100000000)
  region size 1024K, 19 young (19456K), 2 survivors (2048K)
 Metaspace       used 11436K, capacity 12226K, committed 12416K, reserved 1060864K
  class space    used 1178K, capacity 1353K, committed 1408K, reserved 1048576K
Event: 4.221 GC heap after
Heap after GC invocations=2 (full 0):
 garbage-first heap   total 260096K, used 9210K [0x00000000c0000000, 0x00000000c01007f0, 0x0000000100000000)
  region size 1024K, 3 young (3072K), 3 survivors (3072K)
 Metaspace       used 11436K, capacity 12226K, committed 12416K, reserved 1060864K
  class space    used 1178K, capacity 1353K, committed 1408K, reserved 1048576K
}
Event: 4.862 GC heap before
{Heap before GC invocations=2 (full 0):
 garbage-first heap   total 260096K, used 30714K [0x00000000c0000000, 0x00000000c01007f0, 0x0000000100000000)
  region size 1024K, 24 young (24576K), 3 survivors (3072K)
 Metaspace       used 17516K, capacity 18434K, committed 18688K, reserved 1067008K
  class space    used 1728K, capacity 2019K, committed 2048K, reserved 1048576K
Event: 4.871 GC heap after
Heap after GC invocations=3 (full 0):
 garbage-first heap   total 260096K, used 16384K [0x00000000c0000000, 0x00000000c01007f0, 0x0000000100000000)
  region size 1024K, 3 young (3072K), 3 survivors (3072K)
 Metaspace       used 17516K, capacity 18434K, committed 18688K, reserved 1067008K
  class space    used 1728K, capacity 2019K, committed 2048K, reserved 1048576K
}
Event: 5.266 GC heap before
{Heap before GC invocations=3 (full 0):
 garbage-first heap   total 260096K, used 36864K [0x00000000c0000000, 0x00000000c01007f0, 0x0000000100000000)
  region size 1024K, 24 young (24576K), 3 survivors (3072K)
 Metaspace       used 20188K, capacity 21152K, committed 21296K, reserved 1069056K
  class space    used 2108K, capacity 2417K, committed 2432K, reserved 1048576K
Event: 5.272 GC heap after
Heap after GC invocations=4 (full 0):
 garbage-first heap   total 260096K, used 19314K [0x00000000c0000000, 0x00000000c01007f0, 0x0000000100000000)
  region size 1024K, 6 young (6144K), 6 survivors (6144K)
 Metaspace       used 20188K, capacity 21152K, committed 21296K, reserved 1069056K
  class space    used 2108K, capacity 2417K, committed 2432K, reserved 1048576K
}
Event: 8.289 GC heap before
{Heap before GC invocations=5 (full 0):
 garbage-first heap   total 260096K, used 136050K [0x00000000c0000000, 0x00000000c01007f0, 0x0000000100000000)
  region size 1024K, 126 young (129024K), 6 survivors (6144K)
 Metaspace       used 33855K, capacity 35956K, committed 36048K, reserved 1081344K
  class space    used 3769K, capacity 4422K, committed 4480K, reserved 1048576K
Event: 8.324 GC heap after
Heap after GC invocations=6 (full 0):
 garbage-first heap   total 260096K, used 37509K [0x00000000c0000000, 0x00000000c01007f0, 0x0000000100000000)
  region size 1024K, 18 young (18432K), 18 survivors (18432K)
 Metaspace       used 33855K, capacity 35956K, committed 36048K, reserved 1081344K
  class space    used 3769K, capacity 4422K, committed 4480K, reserved 1048576K
}
Event: 46.812 GC heap before
{Heap before GC invocations=7 (full 0):
 garbage-first heap   total 260096K, used 174725K [0x00000000c0000000, 0x00000000c01007f0, 0x0000000100000000)
  region size 1024K, 152 young (155648K), 18 survivors (18432K)
 Metaspace       used 37717K, capacity 39860K, committed 40192K, reserved 1085440K
  class space    used 4181K, capacity 4854K, committed 4864K, reserved 1048576K
Event: 46.842 GC heap after
Heap after GC invocations=8 (full 0):
 garbage-first heap   total 260096K, used 41471K [0x00000000c0000000, 0x00000000c01007f0, 0x0000000100000000)
  region size 1024K, 6 young (6144K), 6 survivors (6144K)
 Metaspace       used 37717K, capacity 39860K, committed 40192K, reserved 1085440K
  class space    used 4181K, capacity 4854K, committed 4864K, reserved 1048576K
}

Deoptimization events (10 events):
Event: 46.954 Thread 0x0000000019ae0800 Uncommon trap: reason=null_check action=make_not_entrant pc=0x00000000033350ac method=sun.nio.fs.NativeBuffers.getNativeBufferFromCache(I)Lsun/nio/fs/NativeBuffer; @ 6
Event: 47.005 Thread 0x0000000019fae800 Uncommon trap: reason=bimorphic action=maybe_recompile pc=0x0000000002e53200 method=org.eclipse.core.runtime.SubMonitor$RootInfo.isCanceled()Z @ 4
Event: 47.062 Thread 0x0000000019fae800 Uncommon trap: reason=bimorphic action=maybe_recompile pc=0x0000000003854850 method=org.eclipse.core.runtime.SubMonitor$RootInfo.isCanceled()Z @ 4
Event: 47.063 Thread 0x0000000019fae800 Uncommon trap: reason=bimorphic action=maybe_recompile pc=0x0000000002e53200 method=org.eclipse.core.runtime.SubMonitor$RootInfo.isCanceled()Z @ 4
Event: 47.065 Thread 0x000000001a2d6800 Uncommon trap: reason=null_check action=make_not_entrant pc=0x000000000374b058 method=java.lang.ThreadLocal$ThreadLocalMap.getEntryAfterMiss(Ljava/lang/ThreadLocal;ILjava/lang/ThreadLocal$ThreadLocalMap$Entry;)Ljava/lang/ThreadLocal$ThreadLocalMap$Entry; 
Event: 47.065 Thread 0x000000001a2d6800 Uncommon trap: reason=unstable_if action=reinterpret pc=0x000000000350a9b4 method=java.lang.ThreadLocal$ThreadLocalMap.set(Ljava/lang/ThreadLocal;Ljava/lang/Object;)V @ 119
Event: 47.232 Thread 0x0000000019fae800 Uncommon trap: reason=bimorphic action=maybe_recompile pc=0x0000000002e53200 method=org.eclipse.core.runtime.SubMonitor$RootInfo.isCanceled()Z @ 4
Event: 47.233 Thread 0x0000000019fae800 Uncommon trap: reason=bimorphic action=maybe_recompile pc=0x0000000003854850 method=org.eclipse.core.runtime.SubMonitor$RootInfo.isCanceled()Z @ 4
Event: 47.234 Thread 0x0000000019fae800 Uncommon trap: reason=unstable_if action=reinterpret pc=0x000000000385ed14 method=org.eclipse.core.runtime.SubMonitor.eq(Ljava/lang/Object;Ljava/lang/Object;)Z @ 1
Event: 50.640 Thread 0x0000000019ae0800 Uncommon trap: reason=unstable_if action=reinterpret pc=0x000000000380a8b8 method=java.util.LinkedHashMap.afterNodeRemoval(Ljava/util/HashMap$Node;)V @ 47

Classes redefined (0 events):
No events

Internal exceptions (10 events):
Event: 46.771 Thread 0x0000000019fae800 Exception <a 'sun/nio/fs/WindowsException'> (0x00000000c6694328) thrown at [C:\re\workspace\8-2-build-windows-amd64-cygwin\jdk8u181\11358\hotspot\src\share\vm\prims\jni.cpp, line 709]
Event: 46.801 Thread 0x0000000019fae800 Exception <a 'sun/nio/fs/WindowsException'> (0x00000000c66d3200) thrown at [C:\re\workspace\8-2-build-windows-amd64-cygwin\jdk8u181\11358\hotspot\src\share\vm\prims\jni.cpp, line 709]
Event: 46.948 Thread 0x0000000019fae800 Exception <a 'java/io/FileNotFoundException'> (0x00000000cfcc0200) thrown at [C:\re\workspace\8-2-build-windows-amd64-cygwin\jdk8u181\11358\hotspot\src\share\vm\prims\jni.cpp, line 709]
Event: 46.954 Thread 0x0000000019ae0800 Implicit null exception at 0x00000000033345cf to 0x000000000333507d
Event: 46.955 Thread 0x0000000019ae0800 Exception <a 'sun/nio/fs/WindowsException'> (0x00000000cfbddce8) thrown at [C:\re\workspace\8-2-build-windows-amd64-cygwin\jdk8u181\11358\hotspot\src\share\vm\prims\jni.cpp, line 709]
Event: 46.964 Thread 0x0000000019ae0800 Exception <a 'sun/nio/fs/WindowsException'> (0x00000000cfbf5ec0) thrown at [C:\re\workspace\8-2-build-windows-amd64-cygwin\jdk8u181\11358\hotspot\src\share\vm\prims\jni.cpp, line 709]
Event: 47.065 Thread 0x000000001a2d6800 Implicit null exception at 0x000000000374af72 to 0x000000000374b03c
Event: 47.234 Thread 0x0000000019fae800 Implicit null exception at 0x000000000385e0e7 to 0x000000000385ecfd
Event: 47.256 Thread 0x0000000019fae800 Exception <a 'java/io/FileNotFoundException'> (0x00000000cf99c1a8) thrown at [C:\re\workspace\8-2-build-windows-amd64-cygwin\jdk8u181\11358\hotspot\src\share\vm\prims\jni.cpp, line 709]
Event: 47.256 Thread 0x0000000019fae800 Exception <a 'java/io/FileNotFoundException'> (0x00000000cf99d8f8) thrown at [C:\re\workspace\8-2-build-windows-amd64-cygwin\jdk8u181\11358\hotspot\src\share\vm\prims\jni.cpp, line 709]

Events (10 events):
Event: 11277.593 Thread 0x0000000018859000 flushing nmethod 0x00000000037afed0
Event: 11277.593 Thread 0x0000000018859000 flushing nmethod 0x00000000037b04d0
Event: 11277.593 Thread 0x0000000018859000 flushing nmethod 0x00000000037b7e50
Event: 11277.594 Thread 0x0000000018859000 flushing nmethod 0x00000000037c2890
Event: 11513.965 Thread 0x0000000018854000 flushing nmethod 0x00000000037e1890
Event: 11513.966 Thread 0x0000000018854000 flushing nmethod 0x00000000037e4310
Event: 11513.967 Thread 0x0000000018854000 flushing nmethod 0x0000000003833210
Event: 11946.833 loading class org/eclipse/osgi/internal/framework/EquinoxBundle$SystemBundle$EquinoxSystemModule$1
Event: 11946.833 loading class org/eclipse/osgi/internal/framework/EquinoxBundle$SystemBundle$EquinoxSystemModule$1 done
Event: 11946.894 Thread 0x000000001e3c3800 Thread added: 0x000000001e3c3800


Dynamic libraries:
0x00007ff74f7f0000 - 0x00007ff74f827000 	C:\Program Files\Java\jdk1.8.0_181\bin\java.exe
0x00007ffd31490000 - 0x00007ffd3167d000 	C:\WINDOWS\SYSTEM32\ntdll.dll
0x00007ffd31320000 - 0x00007ffd313d3000 	C:\WINDOWS\System32\KERNEL32.DLL
0x00007ffd2e3b0000 - 0x00007ffd2e643000 	C:\WINDOWS\System32\KERNELBASE.dll
0x00007ffd2ff20000 - 0x00007ffd2ffc3000 	C:\WINDOWS\System32\ADVAPI32.dll
0x00007ffd30520000 - 0x00007ffd305be000 	C:\WINDOWS\System32\msvcrt.dll
0x00007ffd305d0000 - 0x00007ffd3066e000 	C:\WINDOWS\System32\sechost.dll
0x00007ffd2fbb0000 - 0x00007ffd2fcd2000 	C:\WINDOWS\System32\RPCRT4.dll
0x00007ffd31180000 - 0x00007ffd31317000 	C:\WINDOWS\System32\USER32.dll
0x00007ffd2e6a0000 - 0x00007ffd2e6c0000 	C:\WINDOWS\System32\win32u.dll
0x00007ffd30780000 - 0x00007ffd307a9000 	C:\WINDOWS\System32\GDI32.dll
0x00007ffd2dd30000 - 0x00007ffd2deca000 	C:\WINDOWS\System32\gdi32full.dll
0x00007ffd2e110000 - 0x00007ffd2e1b0000 	C:\WINDOWS\System32\msvcp_win.dll
0x00007ffd2e1b0000 - 0x00007ffd2e2ac000 	C:\WINDOWS\System32\ucrtbase.dll
0x00007ffd129a0000 - 0x00007ffd12c19000 	C:\WINDOWS\WinSxS\amd64_microsoft.windows.common-controls_6595b64144ccf1df_6.0.17763.195_none_05b436ac07203599\COMCTL32.dll
0x00007ffd2ffd0000 - 0x00007ffd302fd000 	C:\WINDOWS\System32\combase.dll
0x00007ffd2d560000 - 0x00007ffd2d5de000 	C:\WINDOWS\System32\bcryptPrimitives.dll
0x00007ffd30740000 - 0x00007ffd3076e000 	C:\WINDOWS\System32\IMM32.DLL
0x0000000063730000 - 0x0000000063802000 	C:\Program Files\Java\jdk1.8.0_181\jre\bin\msvcr100.dll
0x0000000061d10000 - 0x00000000625b2000 	C:\Program Files\Java\jdk1.8.0_181\jre\bin\server\jvm.dll
0x00007ffd305c0000 - 0x00007ffd305c8000 	C:\WINDOWS\System32\PSAPI.DLL
0x00007ffd10740000 - 0x00007ffd10749000 	C:\WINDOWS\SYSTEM32\WSOCK32.dll
0x00007ffd306d0000 - 0x00007ffd3073d000 	C:\WINDOWS\System32\WS2_32.dll
0x00007ffd29e80000 - 0x00007ffd29ea4000 	C:\WINDOWS\SYSTEM32\WINMM.dll
0x00007ffd1ba90000 - 0x00007ffd1ba9a000 	C:\WINDOWS\SYSTEM32\VERSION.dll
0x00007ffd29e50000 - 0x00007ffd29e7d000 	C:\WINDOWS\SYSTEM32\WINMMBASE.dll
0x00007ffd2e650000 - 0x00007ffd2e69a000 	C:\WINDOWS\System32\cfgmgr32.dll
0x0000000064000000 - 0x000000006400f000 	C:\Program Files\Java\jdk1.8.0_181\jre\bin\verify.dll
0x0000000063fd0000 - 0x0000000063ff9000 	C:\Program Files\Java\jdk1.8.0_181\jre\bin\java.dll
0x0000000063fb0000 - 0x0000000063fc6000 	C:\Program Files\Java\jdk1.8.0_181\jre\bin\zip.dll
0x00007ffd2e6c0000 - 0x00007ffd2fbaf000 	C:\WINDOWS\System32\SHELL32.dll
0x00007ffd30300000 - 0x00007ffd303a8000 	C:\WINDOWS\System32\shcore.dll
0x00007ffd2d5e0000 - 0x00007ffd2dd2a000 	C:\WINDOWS\System32\windows.storage.dll
0x00007ffd2d530000 - 0x00007ffd2d554000 	C:\WINDOWS\System32\profapi.dll
0x00007ffd2d490000 - 0x00007ffd2d4ed000 	C:\WINDOWS\System32\powrprof.dll
0x00007ffd30670000 - 0x00007ffd306c2000 	C:\WINDOWS\System32\shlwapi.dll
0x00007ffd2d4f0000 - 0x00007ffd2d501000 	C:\WINDOWS\System32\kernel.appcore.dll
0x00007ffd2e2b0000 - 0x00007ffd2e2c7000 	C:\WINDOWS\System32\cryptsp.dll
0x00007ffd2c8e0000 - 0x00007ffd2c913000 	C:\WINDOWS\system32\rsaenh.dll
0x00007ffd2e380000 - 0x00007ffd2e3a6000 	C:\WINDOWS\System32\bcrypt.dll
0x00007ffd2d390000 - 0x00007ffd2d3b8000 	C:\WINDOWS\SYSTEM32\USERENV.dll
0x00007ffd2cef0000 - 0x00007ffd2cefc000 	C:\WINDOWS\SYSTEM32\CRYPTBASE.dll
0x0000000063f90000 - 0x0000000063faa000 	C:\Program Files\Java\jdk1.8.0_181\jre\bin\net.dll
0x00007ffd2cd20000 - 0x00007ffd2cd87000 	C:\WINDOWS\system32\mswsock.dll
0x00007ffd2ca80000 - 0x00007ffd2cabd000 	C:\WINDOWS\SYSTEM32\IPHLPAPI.DLL
0x00007ffd2fdb0000 - 0x00007ffd2fdb8000 	C:\WINDOWS\System32\NSI.dll
0x00007ffd22270000 - 0x00007ffd22286000 	C:\WINDOWS\SYSTEM32\dhcpcsvc6.DLL
0x00007ffd20ea0000 - 0x00007ffd20ebc000 	C:\WINDOWS\SYSTEM32\dhcpcsvc.DLL
0x00007ffd2cac0000 - 0x00007ffd2cb86000 	C:\WINDOWS\SYSTEM32\DNSAPI.dll
0x0000000063710000 - 0x0000000063721000 	C:\Program Files\Java\jdk1.8.0_181\jre\bin\nio.dll
0x00007ffd1e770000 - 0x00007ffd1e799000 	C:\Users\a\.vscode\extensions\redhat.java-0.36.0\server\config_win\org.eclipse.equinox.launcher\org.eclipse.equinox.launcher.win32.win32.x86_64_1.1.900.v20180922-1751\eclipse_1801.dll
0x00007ffd1e750000 - 0x00007ffd1e761000 	C:\Users\a\.vscode\extensions\redhat.java-0.36.0\server\config_win\org.eclipse.osgi\20\0\.cp\jWinHttp-1.0.0.dll
0x00007ffd2fdc0000 - 0x00007ffd2ff15000 	C:\WINDOWS\System32\ole32.dll
0x00007ffd22170000 - 0x00007ffd22261000 	C:\WINDOWS\SYSTEM32\WINHTTP.dll
0x00000000636e0000 - 0x0000000063704000 	C:\Program Files\Java\jdk1.8.0_181\jre\bin\sunec.dll
0x00000000636d0000 - 0x00000000636db000 	C:\Program Files\Java\jdk1.8.0_181\jre\bin\sunmscapi.dll
0x00007ffd2df30000 - 0x00007ffd2e10b000 	C:\WINDOWS\System32\CRYPT32.dll
0x00007ffd2d510000 - 0x00007ffd2d522000 	C:\WINDOWS\System32\MSASN1.dll
0x00007ffd1e900000 - 0x00007ffd1e90a000 	C:\Windows\System32\rasadhlp.dll
0x00007ffd1ef90000 - 0x00007ffd1f009000 	C:\WINDOWS\System32\fwpuclnt.dll

VM Arguments:
jvm_args: -Declipse.application=org.eclipse.jdt.ls.core.id1 -Dosgi.bundles.defaultStartLevel=4 -Declipse.product=org.eclipse.jdt.ls.core.product -Xverify:none -Xmx1G -XX:+UseG1GC -XX:+UseStringDeduplication 
java_command: C:\Users\a\.vscode\extensions\redhat.java-0.36.0\server\plugins\org.eclipse.equinox.launcher_1.5.200.v20180922-1751.jar -configuration C:\Users\a\.vscode\extensions\redhat.java-0.36.0\server\config_win -data c:\Users\a\AppData\Roaming\Code\User\workspaceStorage\ec23597f57a1ba4e66bbb1c6c8cbb951\redhat.java\jdt_ws
java_class_path (initial): C:\Users\a\.vscode\extensions\redhat.java-0.36.0\server\plugins\org.eclipse.equinox.launcher_1.5.200.v20180922-1751.jar
Launcher Type: SUN_STANDARD

Environment Variables:
JAVA_HOME=C:\Program Files\Java\jdk1.8.0_181
PATH=C:\Program Files (x86)\Common Files\Oracle\Java\javapath;C:\Program Files (x86)\Intel\iCLS Client\;C:\Program Files\Intel\iCLS Client\;C:\WINDOWS\system32;C:\WINDOWS;C:\WINDOWS\System32\Wbem;C:\WINDOWS\System32\WindowsPowerShell\v1.0\;C:\Program Files (x86)\Intel\Intel(R) Management Engine Components\DAL;C:\Program Files\Intel\Intel(R) Management Engine Components\DAL;C:\Program Files (x86)\Intel\Intel(R) Management Engine Components\IPT;C:\Program Files\Intel\Intel(R) Management Engine Components\IPT;C:\Program Files\Intel\WiFi\bin\;C:\Program Files\Common Files\Intel\WirelessCommon\;C:\WINDOWS\System32\OpenSSH\;C:\Program Files\Git\cmd;C:\Program Files\nodejs\;C:\Program Files\Geth;C:\Users\a\AppData\Roaming\npm;C:\Program Files (x86)\PuTTY\;C:\Users\a\AppData\Local\Programs\Python\Python36\Scripts\;C:\Users\a\AppData\Local\Programs\Python\Python36\;C:\Users\a\AppData\Local\Microsoft\WindowsApps;C:\Users\a\AppData\Local\Programs\Microsoft VS Code\bin;C:\Program Files\heroku\bin;C:\Users\a\AppData\Roaming\npm;
USERNAME=a
OS=Windows_NT
PROCESSOR_IDENTIFIER=Intel64 Family 6 Model 142 Stepping 9, GenuineIntel



---------------  S Y S T E M  ---------------

OS: Windows 10.0 , 64 bit Build 17763 (10.0.17763.1)

CPU:total 4 (initial active 4) (2 cores per cpu, 2 threads per core) family 6 model 142 stepping 9, cmov, cx8, fxsr, mmx, sse, sse2, sse3, ssse3, sse4.1, sse4.2, popcnt, avx, avx2, aes, clmul, erms, 3dnowpref, lzcnt, ht, tsc, tscinvbit, bmi1, bmi2, adx

Memory: 4k page, physical 16633036k(2906164k free), swap 25849036k(14036k free)

vm_info: Java HotSpot(TM) 64-Bit Server VM (25.181-b13) for windows-amd64 JRE (1.8.0_181-b13), built on Jul  7 2018 04:01:33 by "java_re" with MS VC++ 10.0 (VS2010)

time: Fri Jan 11 16:49:03 2019
elapsed time: 11946 seconds (0d 3h 19m 6s)

