#
# There is insufficient memory for the Java Runtime Environment to continue.
# Native memory allocation (mmap) failed to map 266338304 bytes for Failed to commit area from 0x00000000c0000000 to 0x00000000cfe00000 of length 266338304.
# Possible reasons:
#   The system is out of physical RAM or swap space
#   In 32 bit mode, the process size limit was hit
# Possible solutions:
#   Reduce memory load on the system
#   Increase physical memory or swap space
#   Check if swap backing store is full
#   Use 64 bit Java on a 64 bit OS
#   Decrease Java heap size (-Xmx/-Xms)
#   Decrease number of Java threads
#   Decrease Java thread stack sizes (-Xss)
#   Set larger code cache with -XX:ReservedCodeCacheSize=
# This output file may be truncated or incomplete.
#
#  Out of Memory Error (os_windows.cpp:3331), pid=71612, tid=0x000000000000ddf8
#
# JRE version:  (8.0_181-b13) (build )
# Java VM: Java HotSpot(TM) 64-Bit Server VM (25.181-b13 mixed mode windows-amd64 compressed oops)
# Failed to write core dump. Minidumps are not enabled by default on client versions of Windows
#

---------------  T H R E A D  ---------------

Current thread (0x00000000034d2800):  JavaThread "Unknown thread" [_thread_in_vm, id=56824, stack(0x00000000032a0000,0x00000000033a0000)]

Stack: [0x00000000032a0000,0x00000000033a0000]
[error occurred during error reporting (printing stack bounds), id 0xc0000005]

Native frames: (J=compiled Java code, j=interpreted, Vv=VM code, C=native code)


---------------  P R O C E S S  ---------------

Java Threads: ( => current thread )

Other Threads:

=>0x00000000034d2800 (exited) JavaThread "Unknown thread" [_thread_in_vm, id=56824, stack(0x00000000032a0000,0x00000000033a0000)]

VM state:not at safepoint (not fully initialized)

VM Mutex/Monitor currently owned by a thread:  ([mutex/lock_event])
[0x00000000034d11d0] Heap_lock - owner thread: 0x00000000034d2800

GC Heap History (0 events):
No events

Deoptimization events (0 events):
No events

Classes redefined (0 events):
No events

Internal exceptions (0 events):
No events

Events (0 events):
No events


Dynamic libraries:
0x00007ff74f7f0000 - 0x00007ff74f827000 	C:\Program Files\Java\jdk1.8.0_181\bin\java.exe
0x00007ffd31490000 - 0x00007ffd3167d000 	C:\WINDOWS\SYSTEM32\ntdll.dll
0x00007ffd31320000 - 0x00007ffd313d3000 	C:\WINDOWS\System32\KERNEL32.DLL
0x00007ffd2e3b0000 - 0x00007ffd2e643000 	C:\WINDOWS\System32\KERNELBASE.dll
0x00007ffd2ff20000 - 0x00007ffd2ffc3000 	C:\WINDOWS\System32\ADVAPI32.dll
0x00007ffd30520000 - 0x00007ffd305be000 	C:\WINDOWS\System32\msvcrt.dll
0x00007ffd305d0000 - 0x00007ffd3066e000 	C:\WINDOWS\System32\sechost.dll
0x00007ffd2fbb0000 - 0x00007ffd2fcd2000 	C:\WINDOWS\System32\RPCRT4.dll
0x00007ffd31180000 - 0x00007ffd31317000 	C:\WINDOWS\System32\USER32.dll
0x00007ffd2e6a0000 - 0x00007ffd2e6c0000 	C:\WINDOWS\System32\win32u.dll
0x00007ffd30780000 - 0x00007ffd307a9000 	C:\WINDOWS\System32\GDI32.dll
0x00007ffd2dd30000 - 0x00007ffd2deca000 	C:\WINDOWS\System32\gdi32full.dll
0x00007ffd2e110000 - 0x00007ffd2e1b0000 	C:\WINDOWS\System32\msvcp_win.dll
0x00007ffd2e1b0000 - 0x00007ffd2e2ac000 	C:\WINDOWS\System32\ucrtbase.dll
0x00007ffd129a0000 - 0x00007ffd12c19000 	C:\WINDOWS\WinSxS\amd64_microsoft.windows.common-controls_6595b64144ccf1df_6.0.17763.195_none_05b436ac07203599\COMCTL32.dll
0x00007ffd2ffd0000 - 0x00007ffd302fd000 	C:\WINDOWS\System32\combase.dll
0x00007ffd2d560000 - 0x00007ffd2d5de000 	C:\WINDOWS\System32\bcryptPrimitives.dll
0x00007ffd30740000 - 0x00007ffd3076e000 	C:\WINDOWS\System32\IMM32.DLL
0x0000000063730000 - 0x0000000063802000 	C:\Program Files\Java\jdk1.8.0_181\jre\bin\msvcr100.dll
0x0000000061d10000 - 0x00000000625b2000 	C:\Program Files\Java\jdk1.8.0_181\jre\bin\server\jvm.dll
0x00007ffd305c0000 - 0x00007ffd305c8000 	C:\WINDOWS\System32\PSAPI.DLL
0x00007ffd10740000 - 0x00007ffd10749000 	C:\WINDOWS\SYSTEM32\WSOCK32.dll
0x00007ffd306d0000 - 0x00007ffd3073d000 	C:\WINDOWS\System32\WS2_32.dll
0x00007ffd29e80000 - 0x00007ffd29ea4000 	C:\WINDOWS\SYSTEM32\WINMM.dll
0x00007ffd1ba90000 - 0x00007ffd1ba9a000 	C:\WINDOWS\SYSTEM32\VERSION.dll
0x00007ffd29e50000 - 0x00007ffd29e7d000 	C:\WINDOWS\SYSTEM32\WINMMBASE.dll
0x00007ffd2e650000 - 0x00007ffd2e69a000 	C:\WINDOWS\System32\cfgmgr32.dll
0x0000000064000000 - 0x000000006400f000 	C:\Program Files\Java\jdk1.8.0_181\jre\bin\verify.dll
0x0000000063fd0000 - 0x0000000063ff9000 	C:\Program Files\Java\jdk1.8.0_181\jre\bin\java.dll
0x0000000063fb0000 - 0x0000000063fc6000 	C:\Program Files\Java\jdk1.8.0_181\jre\bin\zip.dll

VM Arguments:
jvm_args: -Declipse.application=org.eclipse.jdt.ls.core.id1 -Dosgi.bundles.defaultStartLevel=4 -Declipse.product=org.eclipse.jdt.ls.core.product -Xverify:none -Xmx1G -XX:+UseG1GC -XX:+UseStringDeduplication 
java_command: C:\Users\a\.vscode\extensions\redhat.java-0.36.0\server\plugins\org.eclipse.equinox.launcher_1.5.200.v20180922-1751.jar -configuration C:\Users\a\.vscode\extensions\redhat.java-0.36.0\server\config_win -data c:\Users\a\AppData\Roaming\Code\User\workspaceStorage\ec23597f57a1ba4e66bbb1c6c8cbb951\redhat.java\jdt_ws
java_class_path (initial): C:\Users\a\.vscode\extensions\redhat.java-0.36.0\server\plugins\org.eclipse.equinox.launcher_1.5.200.v20180922-1751.jar
Launcher Type: SUN_STANDARD

Environment Variables:
JAVA_HOME=C:\Program Files\Java\jdk1.8.0_181
PATH=C:\Program Files (x86)\Common Files\Oracle\Java\javapath;C:\Program Files (x86)\Intel\iCLS Client\;C:\Program Files\Intel\iCLS Client\;C:\WINDOWS\system32;C:\WINDOWS;C:\WINDOWS\System32\Wbem;C:\WINDOWS\System32\WindowsPowerShell\v1.0\;C:\Program Files (x86)\Intel\Intel(R) Management Engine Components\DAL;C:\Program Files\Intel\Intel(R) Management Engine Components\DAL;C:\Program Files (x86)\Intel\Intel(R) Management Engine Components\IPT;C:\Program Files\Intel\Intel(R) Management Engine Components\IPT;C:\Program Files\Intel\WiFi\bin\;C:\Program Files\Common Files\Intel\WirelessCommon\;C:\WINDOWS\System32\OpenSSH\;C:\Program Files\Git\cmd;C:\Program Files\nodejs\;C:\Program Files\Geth;C:\Users\a\AppData\Roaming\npm;C:\Program Files (x86)\PuTTY\;C:\Users\a\AppData\Local\Programs\Python\Python36\Scripts\;C:\Users\a\AppData\Local\Programs\Python\Python36\;C:\Users\a\AppData\Local\Microsoft\WindowsApps;C:\Users\a\AppData\Local\Programs\Microsoft VS Code\bin;C:\Program Files\heroku\bin;C:\Users\a\AppData\Roaming\npm;
USERNAME=a
OS=Windows_NT
PROCESSOR_IDENTIFIER=Intel64 Family 6 Model 142 Stepping 9, GenuineIntel



---------------  S Y S T E M  ---------------

OS: Windows 10.0 , 64 bit Build 17763 (10.0.17763.1)

CPU:total 4 (initial active 4) (2 cores per cpu, 2 threads per core) family 6 model 142 stepping 9, cmov, cx8, fxsr, mmx, sse, sse2, sse3, ssse3, sse4.1, sse4.2, popcnt, avx, avx2, aes, clmul, erms, 3dnowpref, lzcnt, ht, tsc, tscinvbit, bmi1, bmi2, adx

Memory: 4k page, physical 16633036k(3011792k free), swap 25849036k(133012k free)

vm_info: Java HotSpot(TM) 64-Bit Server VM (25.181-b13) for windows-amd64 JRE (1.8.0_181-b13), built on Jul  7 2018 04:01:33 by "java_re" with MS VC++ 10.0 (VS2010)

time: Fri Jan 11 16:49:05 2019
elapsed time: 0 seconds (0d 0h 0m 0s)

